1	N	48
1	J	48
1	R	48
2	N	48
2	J	49
1	W	49
2	R	49
3	N	63
3	J	64
2	E	68
1	J	68
3	R	68
3	W	74
1	R	74
4	N	74
4	J	74
1	W	74
4	R	74
5	N	106
5	J	107
4	W	107
5	R	107
4	J	109
5	E	110
4	R	110
4	W	115
0	R	115
4	J	1364
4	R	1364
4	W	1364
0	R	1365
4	J	1409
4	R	1409
4	W	1409
0	R	1409
4	J	1494
4	R	1494
4	W	1494
0	R	1494
4	J	1548
4	R	1548
4	W	1548
0	R	1548
4	J	1795
4	R	1795
4	W	1795
0	R	1795
4	J	1874
4	R	1874
4	W	1874
0	R	1874
4	J	1876
4	R	1876
4	W	1876
0	R	1876
4	J	1931
4	R	1931
4	W	1931
0	R	1931
4	J	1995
4	R	1995
4	W	2001
0	R	2001
4	J	2066
4	R	2066
4	W	2066
0	R	2066
4	J	2148
4	R	2148
6	N	2148
6	J	2149
4	W	2149
6	R	2149
7	N	2151
7	J	2151
8	N	2152
8	J	2152
9	N	2152
9	J	2153
10	N	2153
10	J	2153
11	N	2154
11	J	2154
12	N	2154
12	J	2155
13	N	2155
13	J	2155
14	N	2156
14	J	2156
15	N	2156
15	J	2157
16	N	2157
16	J	2157
17	N	2158
17	J	2158
18	N	2158
18	J	2159
19	N	2159
19	J	2159
20	N	2160
20	J	2160
21	N	2160
21	J	2161
22	N	2161
22	J	2161
6	W	2163
22	R	2163
22	J	2213
21	R	2213
21	J	2263
20	R	2263
20	J	2313
19	R	2313
19	J	2363
18	R	2363
18	J	2413
17	R	2413
17	J	2463
16	R	2463
16	J	2513
15	R	2513
15	J	2563
14	R	2563
14	J	2613
13	R	2613
13	J	2663
12	R	2663
12	J	2713
11	R	2713
11	J	2763
10	R	2763
10	J	2813
9	R	2813
9	J	2863
8	R	2863
8	J	2913
7	R	2913
7	W	2913
22	R	2913
22	J	2963
21	R	2963
21	J	3013
20	R	3013
7	J	3063
20	J	3063
7	R	3063
7	W	3063
19	R	3063
3	J	3113
19	J	3113
3	R	3113
3	W	3113
18	R	3113
18	J	3163
17	R	3163
7	J	3213
17	J	3213
7	R	3213
7	W	3213
16	R	3213
16	J	3263
15	R	3263
15	J	3313
14	R	3313
7	J	3363
14	J	3363
7	R	3363
7	W	3363
13	R	3363
13	J	3413
12	R	3413
12	J	3463
11	R	3463
7	J	3513
11	J	3513
7	R	3513
7	W	3513
10	R	3513
10	J	3563
9	R	3563
9	J	3613
8	R	3613
7	J	3663
8	J	3663
7	R	3663
7	W	3663
22	R	3663
22	J	3713
21	R	3713
21	J	3763
20	R	3763
7	J	3813
20	J	3813
7	R	3813
7	W	3813
19	R	3813
19	J	3863
18	R	3863
18	J	3913
17	R	3913
7	J	3963
17	J	3963
7	R	3963
7	W	3963
16	R	3963
16	J	4013
15	R	4013
15	J	4063
14	R	4063
7	J	4113
14	J	4113
7	R	4113
7	W	4113
13	R	4113
13	J	4163
12	R	4163
12	J	4213
11	R	4213
7	J	4263
11	J	4263
7	R	4263
7	W	4263
10	R	4263
10	J	4313
9	R	4313
9	J	4363
8	R	4363
8	W	4363
22	R	4363
7	J	4413
22	J	4413
7	R	4413
7	W	4413
21	R	4413
21	J	4463
20	R	4463
8	J	4513
20	J	4513
8	R	4513
8	W	4513
19	R	4513
7	J	4563
19	J	4563
7	R	4563
7	W	4563
18	R	4563
18	J	4613
17	R	4613
8	J	4663
17	J	4663
8	R	4663
8	W	4663
16	R	4663
7	J	4713
16	J	4713
7	R	4713
7	W	4713
15	R	4713
15	J	4763
14	R	4763
8	J	4813
14	J	4813
8	R	4813
8	W	4813
13	R	4813
7	J	4863
13	J	4863
7	R	4863
7	W	4863
12	R	4863
12	J	4913
11	R	4913
8	J	4963
11	J	4963
8	R	4963
8	W	4963
10	R	4963
7	J	5013
10	J	5013
7	R	5013
7	W	5013
9	R	5013
9	J	5063
22	R	5063
8	J	5113
22	J	5113
8	R	5113
8	W	5113
21	R	5113
7	J	5163
21	J	5163
7	R	5163
7	W	5163
20	R	5163
20	J	5213
19	R	5213
8	J	5263
19	J	5263
8	R	5263
8	W	5263
18	R	5263
7	J	5313
18	J	5313
7	R	5313
7	E	5313
6	J	5313
6	R	5313
6	E	5314
4	J	5314
4	R	5314
23	N	5314
23	J	5315
4	W	5315
17	R	5315
8	J	5365
17	J	5365
8	R	5365
8	W	5365
16	R	5365
16	J	5415
15	R	5415
15	J	5465
14	R	5465
8	J	5515
14	J	5515
8	R	5515
8	W	5515
13	R	5515
13	J	5565
12	R	5565
12	J	5615
11	R	5615
8	J	5665
11	J	5665
8	R	5665
8	W	5665
10	R	5665
10	J	5715
9	R	5715
9	W	5715
23	R	5715
4	J	5717
23	E	5717
4	R	5717
4	W	5718
22	R	5718
8	J	5768
22	J	5768
8	R	5768
8	W	5768
21	R	5768
9	J	5818
21	J	5818
9	R	5818
9	W	5818
20	R	5818
20	J	5868
19	R	5868
8	J	5918
19	J	5918
8	R	5918
8	W	5918
18	R	5918
9	J	5968
18	J	5968
9	R	5968
9	W	5968
17	R	5968
17	J	6018
16	R	6018
8	J	6068
16	J	6068
8	R	6068
8	W	6068
15	R	6068
9	J	6118
15	J	6118
9	R	6118
9	W	6118
14	R	6118
14	J	6168
13	R	6168
8	J	6218
13	J	6218
8	R	6218
8	W	6218
12	R	6218
9	J	6268
12	J	6268
9	R	6268
9	W	6268
11	R	6268
11	J	6318
10	R	6318
8	J	6368
10	J	6368
8	R	6368
8	W	6368
22	R	6368
4	J	6376
9	J	6418
22	J	6418
4	R	6418
4	W	6418
9	R	6418
9	W	6418
21	R	6418
4	J	6435
21	J	6468
4	R	6468
4	W	6468
20	R	6468
4	J	6473
8	J	6518
20	J	6518
4	R	6518
4	W	6518
8	R	6518
8	E	6518
1	J	6518
1	R	6518
1	W	6518
19	R	6518
9	J	6568
19	J	6568
9	R	6568
9	W	6568
18	R	6568
18	J	6618
17	R	6618
4	J	6630
17	J	6668
4	R	6668
4	W	6668
16	R	6668
4	J	6688
9	J	6718
16	J	6718
4	R	6718
4	W	6718
9	R	6718
9	W	6718
15	R	6718
4	J	6741
15	J	6768
4	R	6768
4	W	6768
14	R	6768
4	J	6791
14	J	6818
4	R	6818
24	N	6819
24	J	6819
4	W	6820
9	J	6820
9	R	6820
9	W	6820
13	R	6820
13	J	6870
12	R	6870
12	J	6920
11	R	6920
9	J	6970
11	J	6970
9	R	6970
9	W	6970
10	R	6970
10	W	6970
24	R	6970
